<?xml version="1.0" encoding="UTF-8"?>
<testsuite xmlns:xsi="http://www.w3.org/2001/XMLSchema-instance" xsi:noNamespaceSchemaLocation="https://maven.apache.org/surefire/maven-surefire-plugin/xsd/surefire-test-report-3.0.xsd" version="3.0" name="TestSuite" time="28.278" tests="4" errors="0" skipped="0" failures="0">
  <properties>
[...]
</properties>
  <testcase name="basePageNavigation" classname="Academy.E2EProject.validateNavigationBar" time="0.352"/>
  <testcase name="basePageNavigation" classname="Academy.E2EProject.validateTitle" time="0.502"/>
  <testcase name="basePageNavigation" classname="Academy.E2EProject.HomePage" time="6.809"/>
  <testcase name="basePageNavigation" classname="Academy.E2EProject.HomePage" time="8.469"/>
</testsuite>